Debug: 0
Debug: 1
Debug: 2
Debug: 3
Debug: 4
Debug: 5
Debug: 6
Debug: 7
Debug: 8
Debug: 9
Debug: 10
Debug: 11
Debug: 12
Debug: 13
Debug: 14
Debug: 15
Debug: 16
Debug: 17
Debug: 18
Debug: 19
Debug: 20
Debug: 21
Debug: 22
Debug: 23
Debug: 24
Debug: 25
Debug: 26
Debug: 27
Debug: 28
Debug: 29
Debug: 30
Debug: 31
Debug: 32
Debug: 33
Debug: 34
Debug: 35
Debug: 36
Debug: 37
Debug: 38
Debug: 39
Debug: 40
Debug: 41
Debug: 42
Debug: 43
Debug: 44
Debug: 45
Debug: 46
Debug: 47
Debug: 48
Debug: 49
Debug: 50
Debug: 51
Debug: 52
Debug: 53
Debug: 54
Debug: 55
Debug: 56
Debug: 57
Debug: 58
Debug: 59
Debug: 60
Debug: 61
Debug: 62
Debug: 63
Debug: 64
Debug: 65
Debug: 66
Debug: 67
Debug: 68
Debug: 69
Debug: 70
Debug: 71
Debug: 72
Debug: 73
Debug: 74
Debug: 75
Debug: 76
Debug: 77
Debug: 78
Debug: 79
Debug: 80
Debug: 81
Debug: 82
Debug: 83
Debug: 84
Debug: 85
Debug: 86
Debug: 87
Debug: 88
Debug: 89
Debug: 90
Debug: 91
Debug: 92
Debug: 93
Debug: 94
Debug: 95
Debug: 96
Debug: 97
Debug: 98
Debug: 99
Debug: 100
Debug: 101
Debug: 102
Debug: 103
Debug: 104
Debug: 105
Debug: 106
Debug: 107
Debug: 108
Debug: 109
Debug: 110
Debug: 111
Debug: 112
Debug: 113
Debug: 114
Debug: 115
Debug: 116
Debug: 117
Debug: 118
Debug: 119
Debug: 120
Debug: 121
Debug: 122
Debug: 123
Debug: 124
Debug: 125
Debug: 126
Debug: 127
Debug: 128
Debug: 129
Debug: 130
Debug: 131
Debug: 132
Debug: 133
Debug: 134
Debug: 135
Debug: 136
Debug: 137
Debug: 138
Debug: 139
Debug: 140
Debug: 141
Debug: 142
Debug: 143
Debug: 144
Debug: 145
Debug: 146
Debug: 147
Debug: 0
Debug: 1
Debug: 2
Debug: 3
Debug: 4
Debug: 5
Debug: 6
Debug: 7
Debug: 8
Debug: 9
Debug: 10
Debug: 11
Debug: 12
Debug: 13
Debug: 14
Debug: 15
Debug: 16
Debug: 17
Debug: 18
Debug: 19
Debug: 20
Debug: 21
Debug: 22
Debug: 23
Debug: 24
Debug: 25
Debug: 26
Debug: 27
Debug: 28
Debug: 29
Debug: 30
Debug: 31
Debug: 32
Debug: 33
Debug: 34
Debug: 35
Debug: 36
Debug: 37
Debug: 38
Debug: 39
Debug: 40
Debug: 41
Debug: 42
Debug: 43
Debug: 44
Debug: 45
Debug: 46
Debug: 47
Debug: 48
Debug: 49
Debug: 50
Debug: 51
Debug: 52
Debug: 53
Debug: 54
Debug: 55
Debug: 56
Debug: 57
Debug: 58
Debug: 59
Debug: 60
Debug: 61
Debug: 62
Debug: 63
Debug: 64
Debug: 65
Debug: 66
Debug: 67
Debug: 68
Debug: 69
Debug: 70
Debug: 71
Debug: 72
Debug: 73
Debug: 74
Debug: 75
Debug: 76
Debug: 77
Debug: 78
Debug: 79
Debug: 80
Debug: 81
Debug: 82
Debug: 83
Debug: 84
Debug: 85
Debug: 86
Debug: 87
Debug: 88
Debug: 89
Debug: 90
Debug: 91
Debug: 92
Debug: 93
Debug: 94
Debug: 95
Debug: 96
Debug: 97
Debug: 98
Debug: 99
Debug: 100
Debug: 101
Debug: 102
Debug: 103
Debug: 104
Debug: 105
Debug: 106
Debug: 107
Debug: 108
Debug: 109
Debug: 110
Debug: 111
Debug: 112
Debug: 113
Debug: 114
Debug: 115
Debug: 116
Debug: 117
Debug: 118
Debug: 119
Debug: 120
Debug: 121
Debug: 122
Debug: 123
Debug: 124
Debug: 125
Debug: 126
Debug: 127
Debug: 128
Debug: 129
Debug: 130
Debug: 131
Debug: 132
Debug: 133
Debug: 134
Debug: 135
Debug: 136
Debug: 137
Debug: 138
Debug: 139
Debug: 140
Debug: 141
Debug: 142
Debug: 143
Debug: 144
Debug: 145
Debug: 146
Debug: 147
Debug: 148
Debug: 149
Debug: 150
Debug: 151
Debug: 152
Debug: 153
Debug: 154
Debug: 155
Debug: 156
Debug: 157
Debug: 158
Debug: 159
Debug: 160
Debug: 161
Debug: 162
Debug: 163
Debug: 164
Debug: 165
Debug: 166
Debug: 167
Debug: 168
Debug: 169
Debug: 170
Debug: 171
Debug: 172
Debug: 173
Debug: 174
Debug: 175
Debug: 176
Debug: 177
Debug: 178
Debug: 179
Debug: 180
Debug: 181
Debug: 182
Debug: 183
Debug: 184
Debug: 185
Debug: 186
Debug: 187
Debug: 188
Debug: 189
Debug: 190
Debug: 191
Debug: 192
Debug: 193
Debug: 194
Debug: 195
Debug: 196
Debug: 197
Debug: 198
Debug: 199
Debug: 200
Debug: 201
Debug: 202
Debug: 203
Debug: 204
Debug: 205
Debug: 206
Debug: 207
Debug: 208
Debug: 209
Debug: 210
Debug: 211
Debug: 212
Debug: 213
Debug: 214
Debug: 215
Debug: 216
Debug: 217
Debug: 218
Debug: 219
Debug: 220
Debug: 221
Debug: 222
Debug: 223
Debug: 224
Debug: 225
Debug: 226
Debug: 227
Debug: 228
Debug: 229
Debug: 230
Debug: 231
Debug: 232
Debug: 233
Debug: 234
Debug: 235
Debug: 236
Debug: 237
Debug: 238
Debug: 239
Debug: 240
Debug: 241
Debug: 242
Debug: 243
Debug: 244
Debug: 245
Debug: 246
Debug: 247
Debug: 248
Debug: 249
Debug: 250
Debug: 251
Debug: 252
Debug: 253
Debug: 254
Debug: 255
Debug: 256
Debug: 257
Debug: 258
Debug: 259
Debug: 260
Debug: 261
Debug: 262
Debug: 263
Debug: 264
Debug: 265
Debug: 266
Debug: 267
Debug: 268
Debug: 269
Debug: 270
Debug: 271
Debug: 272
Debug: 273
Debug: 274
Debug: 275
Debug: 276
Debug: 277
Debug: 278
Debug: 279
Debug: 280
Debug: 281
Debug: 282
Debug: 283
Debug: 284
Debug: 285
Debug: 286
Debug: 287
Debug: 288
Debug: 289
Debug: 290
Debug: 291
Debug: 292
Debug: 293
Debug: 294
Debug: 295
Debug: 296
Debug: 297
Debug: 298
Debug: 299
Debug: 300
Debug: 301
Debug: 302
Debug: 303
Debug: 304
Debug: 305
Debug: 306
Debug: 307
Debug: 308
Debug: 309
Debug: 310
Debug: 311
Debug: 312
Debug: 313
Debug: 314
Debug: 315
Debug: 316
Debug: 317
Debug: 318
Debug: 319
Debug: 320
Debug: 321
Debug: 322
Debug: 323
Debug: 324
Debug: 325
Debug: 326
Debug: 327
Debug: 328
Debug: 329
Debug: 330
Debug: 331
Debug: 332
Debug: 333
Debug: 334
Debug: 335
Debug: 336
Debug: 337
Debug: 338
Debug: 339
Debug: 340
Debug: 341
Debug: 342
Debug: 343
Debug: 344
Debug: 345
Debug: 346
Debug: 347
Debug: 348
Debug: 349
Debug: 350
Debug: 351
Debug: 352
Debug: 353
Debug: 354
Debug: 355
Debug: 356
Debug: 357
Debug: 358
Debug: 359
Debug: 360
Debug: 361
Debug: 362
Debug: 363
Debug: 364
Debug: 365
Debug: 366
Debug: 367
Debug: 368
Debug: 369
Debug: 370
Debug: 371
Debug: 372
Debug: 373
Debug: 374
Debug: 375
Debug: 376
Debug: 377
Debug: 378
Debug: 379
Debug: 380
Debug: 381
Debug: 382
Debug: 383
Debug: 384
Debug: 385
Debug: 386
Debug: 387
Debug: 388
Debug: 389
Debug: 390
Debug: 391
Debug: 392
Debug: 393
Debug: 394
Debug: 395
Debug: 396
Debug: 397
Debug: 398
Debug: 399
Debug: 400
Debug: 401
Debug: 402
Debug: 403
Debug: 404
Debug: 405
Debug: 406
Debug: 407
Debug: 408
Debug: 409
Debug: 410
Debug: 411
Debug: 412
Debug: 413
Debug: 414
Debug: 415
Debug: 416
Debug: 417
Debug: 418
Debug: 419
Debug: 420
Debug: 421
Debug: 422
Debug: 423
Debug: 424
Debug: 425
Debug: 426
Debug: 427
Debug: 428
Debug: 429
Debug: 430
Debug: 431
Debug: 432
Debug: 433
Debug: 434
Debug: 435
Debug: 436
Debug: 437
Debug: 438
Debug: 439
Debug: 440
Debug: 441
Debug: 442
Debug: 443
Debug: 444
Debug: 445
Debug: 446
Debug: 447
Debug: 448
Debug: 449
Debug: 450
Debug: 451
Debug: 452
Debug: 453
Debug: 454
Debug: 455
Debug: 456
Debug: 457
Debug: 458
Debug: 459
Debug: 460
Debug: 461
Debug: 462
Debug: 463
Debug: 464
Debug: 465
Debug: 466
Debug: 467
Debug: 468
Debug: 469
Debug: 470
Debug: 471
Debug: 472
Debug: 473
Debug: 474
Debug: 475
Debug: 476
Debug: 477
Debug: 478
Debug: 479
Debug: 480
Debug: 481
Debug: 482
Debug: 483
Debug: 484
Debug: 485
Debug: 486
Debug: 487
Debug: 488
Debug: 489
Debug: 490
Debug: 491
Debug: 492
Debug: 493
Debug: 494
Debug: 495
Debug: 496
Debug: 497
Debug: 498
Debug: 499
Debug: 500
Debug: 501
Debug: 502
Debug: 503
Debug: 504
Debug: 505
Debug: 506
Debug: 507
Debug: 508
Debug: 509
Debug: 510
Debug: 511
Debug: 512
Debug: 513
Debug: 514
Debug: 515
Debug: 516
Debug: 517
Debug: 518
Debug: 519
Debug: 520
Debug: 521
Debug: 522
Debug: 523
Debug: 524
Debug: 525
Debug: 526
Debug: 527
Debug: 528
Debug: 529
Debug: 530
Debug: 531
Debug: 532
Debug: 533
Debug: 534
Debug: 535
Debug: 536
Debug: 537
Debug: 538
Debug: 539
Debug: 540
Debug: 541
Debug: 542
Debug: 543
Debug: 544
Debug: 545
Debug: 546
Debug: 547
Debug: 548
Debug: 549
Debug: 550
Debug: 551
Debug: 552
Debug: 553
Debug: 554
Debug: 555
Debug: 556
Debug: 557
Debug: 558
Debug: 559
Debug: 560
Debug: 561
Debug: 562
Debug: 563
Debug: 564
Debug: 565
Debug: 566
Debug: 567
Debug: 568
Debug: 569
Debug: 570
Debug: 571
Debug: 572
Debug: 573
Debug: 574
Debug: 575
Debug: 576
Debug: 577
Debug: 578
Debug: 579
Debug: 580
Debug: 581
Debug: 582
Debug: 583
Debug: 584
Debug: 585
Debug: 586
Debug: 587
Debug: 588
Debug: 589
Debug: 590
Debug: 591
Debug: 592
Debug: 593
Debug: 594
Debug: 595
Debug: 596
Debug: 597
Debug: 598
Debug: 599
Debug: 600
Debug: 601
Debug: 602
Debug: 603
Debug: 604
Debug: 605
Debug: 606
Debug: 607
Debug: 608
Debug: 609
Debug: 610
Debug: 611
Debug: 612
Debug: 613
Debug: 614
Debug: 615
Debug: 616
Debug: 617
Debug: 618
Debug: 0
Debug: 1
Debug: 2
Debug: 3
Debug: 4
Debug: 5
Debug: 6
Debug: 7
Debug: 8
Debug: 9
Debug: 10
Debug: 11
Debug: 12
Debug: 13
Debug: 14
Debug: 15
Debug: 16
Debug: 17
Debug: 18
Debug: 19
Debug: 20
Debug: 21
Debug: 22
Debug: 23
Debug: 24
Debug: 25
Debug: 26
Debug: 27
Debug: 28
Debug: 29
Debug: 30
Debug: 31
Debug: 32
Debug: 33
Debug: 34
Debug: 35
Debug: 36
Debug: 37
Debug: 38
Debug: 39
Debug: 40
Debug: 41
Debug: 42
Debug: 43
Debug: 44
Debug: 45
Debug: 46
Debug: 47
Debug: 48
Debug: 49
Debug: 50
Debug: 51
Debug: 52
Debug: 53
Debug: 54
Debug: 55
Debug: 56
Debug: 57
Debug: 58
Debug: 59
Debug: 60
Debug: 61
Debug: 62
Debug: 63
Debug: 64
Debug: 65
Debug: 66
Debug: 67
Debug: 68
Debug: 69
Debug: 70
Debug: 71
Debug: 72
Debug: 73
Debug: 74
Debug: 75
Debug: 76
Debug: 77
Debug: 78
Debug: 79
Debug: 80
Debug: 81
Debug: 82
Debug: 83
Debug: 84
Debug: 85
Debug: 86
Debug: 87
Debug: 88
Debug: 89
Debug: 90
Debug: 91
Debug: 92
Debug: 93
Debug: 94
Debug: 95
Debug: 96
Debug: 97
Debug: 98
Debug: 99
Debug: 100
Debug: 101
Debug: 102
Debug: 103
Debug: 104
Debug: 105
Debug: 106
Debug: 107
Debug: 108
Debug: 109
Debug: 110
Debug: 111
Debug: 112
Debug: 113
Debug: 114
Debug: 115
Debug: 116
Debug: 117
Debug: 118
Debug: 119
Debug: 120
Debug: 121
Debug: 122
Debug: 123
Debug: 124
Debug: 125
Debug: 126
Debug: 127
Debug: 128
Debug: 129
Debug: 130
Debug: 131
Debug: 132
Debug: 133
Debug: 134
Debug: 135
Debug: 136
Debug: 137
Debug: 138
Debug: 139
Debug: 140
Debug: 141
Debug: 142
Debug: 143
Debug: 144
Debug: 145
Debug: 146
Debug: 147
Debug: 148
Debug: 149
Debug: 150
Debug: 151
Debug: 152
Debug: 153
Debug: 154
Debug: 155
Debug: 156
Debug: 157
Debug: 158
Debug: 159
Debug: 160
Debug: 161
Debug: 162
Debug: 163
Debug: 164
Debug: 0
Debug: 1
Debug: 0
Debug: 1
Debug: 2
Debug: 3
Debug: 4
Debug: 5
Debug: 6
Debug: 7
Debug: 8
Debug: 9
Debug: 10
Debug: 11
Debug: 12
Debug: 13
Debug: 14
Debug: 15
Debug: 16
Debug: 17
Debug: 18
Debug: 19
Debug: 20
Debug: 21
Debug: 22
Debug: 23
Debug: 24
Debug: 25
Debug: 26
Debug: 27
Debug: 28
Debug: 29
Debug: 30
Debug: 31
Debug: 32
Debug: 33
Debug: 34
Debug: 35
Debug: 36
Debug: 37
Debug: 38
Debug: 39
Debug: 40
Debug: 41
Debug: 42
Debug: 43
Debug: 44
Debug: 45
Debug: 46
Debug: 47
Debug: 48
Debug: 49
Debug: 50
Debug: 51
Debug: 52
Debug: 53
Debug: 54
Debug: 55
Debug: 56
Debug: 57
Debug: 58
Debug: 59
Debug: 60
Debug: 61
Debug: 62
Debug: 63
Debug: 64
Debug: 65
Debug: 66
Debug: 67
Debug: 68
Debug: 69
Debug: 70
Debug: 71
Debug: 72
Debug: 73
Debug: 74
Debug: 75
Debug: 76
Debug: 77
Debug: 78
Debug: 79
Debug: 80
Debug: 81
Debug: 82
Debug: 83
Debug: 84
Debug: 85
Debug: 86
Debug: 87
Debug: 88
Debug: 89
Debug: 90
Debug: 91
Debug: 92
Debug: 93
Debug: 94
Debug: 95
Debug: 96
Debug: 97
Debug: 98
Debug: 99
Debug: 100
Debug: 101
Debug: 102
Debug: 103
Debug: 104
Debug: 105
Debug: 106
Debug: 107
Debug: 108
Debug: 109
Debug: 110
Debug: 111
Debug: 112
Debug: 113
Debug: 114
Debug: 115
Debug: 116
Debug: 117
Debug: 118
Debug: 119
Debug: 120
Debug: 121
Debug: 122
Debug: 123
Debug: 124
Debug: 125
Debug: 126
Debug: 127
Debug: 128
Debug: 129
Debug: 130
Debug: 131
Debug: 132
Debug: 133
Debug: 134
Debug: 135
Debug: 136
Debug: 137
Debug: 138
Debug: 139
Debug: 140
Debug: 141
Debug: 142
Debug: 143
Debug: 144
Debug: 145
Debug: 146
Debug: 147
Debug: 148
Debug: 149
Debug: 150
Debug: 151
Debug: 152
Debug: 153
Debug: 154
Debug: 155
Debug: 156
Debug: 157
Debug: 158
Debug: 159
Debug: 160
Debug: 161
Debug: 162
Debug: 163
Debug: 164
Debug: 165
Debug: 166
Debug: 167
Debug: 168
Debug: 169
Debug: 170
Debug: 171
Debug: 172
Debug: 173
Debug: 174
Debug: 175
Debug: 176
Debug: 177
Debug: 178
Debug: 179
Debug: 180
Debug: 181
Debug: 182
Debug: 183
Debug: 184
Debug: 185
Debug: 186
Debug: 187
Debug: 188
Debug: 189
Debug: 190
Debug: 191
Debug: 192
Debug: 193
Debug: 194
Debug: 195
Debug: 196
Debug: 197
Debug: 198
Debug: 199
Debug: 200
Debug: 201
Debug: 202
Debug: 203
Debug: 204
Debug: 205
